IQ-TREE multicore version 2.1.2 COVID-edition for Linux 64-bit built Mar 30 2021
Developed by Bui Quang Minh, James Barbetti, Nguyen Lam Tung,
Olga Chernomor, Heiko Schmidt, Dominik Schrempf, Michael Woodhams.

Host:    n4 (AVX2, FMA3, 125 GB RAM)
Command: iqtree -s results/BDNF/Recombinants/BDNF_codons_RDP_recombinationFree.fas -T AUTO
Seed:    880444 (Using SPRNG - Scalable Parallel Random Number Generator)
Time:    Thu Aug 19 15:17:01 2021
Kernel:  AVX+FMA - auto-detect threads (16 CPU cores detected)

Reading alignment file results/BDNF/Recombinants/BDNF_codons_RDP_recombinationFree.fas ... Fasta format detected
Alignment most likely contains DNA/RNA sequences
WARNING: 112 sites contain only gaps or ambiguous characters.
Alignment has 132 sequences with 1347 columns, 698 distinct patterns
484 parsimony-informative, 118 singleton sites, 745 constant sites
                                                    Gap/Ambiguity  Composition  p-value
   1  NM_001709_5_Homo_sapiens_brain_derived_neurotrophi   44.99%    passed     34.97%
   2  NM_001270630_1_Rattus_norvegicus_brain_derived_neu   28.95%    passed      9.83%
   3  NM_001048142_1_Mus_musculus_brain_derived_neurotro   44.54%    passed     87.08%
   4  XM_015114598_2_PREDICTED_Macaca_mulatta_brain_deri   32.29%    passed     94.08%
   5  XM_005654684_3_PREDICTED_Sus_scrofa_brain_derived_   42.09%    passed     96.14%
   6  NM_001009828_1_Felis_catus_brain_derived_neurotrop   44.99%    passed     98.32%
   7  XM_005216334_4_PREDICTED_Bos_taurus_brain_derived_   42.54%    passed     72.99%
   8  XM_038429434_1_PREDICTED_Canis_lupus_familiaris_br   43.21%    passed     92.63%
   9  XM_007653166_4_PREDICTED_Cricetulus_griseus_brain_   38.75%    passed     79.68%
  10  NM_001012441_1_Pan_troglodytes_brain_derived_neuro   44.99%    passed     47.54%
  11  XM_011226480_3_PREDICTED_Ailuropoda_melanoleuca_br   34.97%    passed     65.81%
  12  XM_007497196_2_PREDICTED_Monodelphis_domestica_bra   39.42%    passed     10.47%
  13  NM_001081787_1_Equus_caballus_brain_derived_neurot   44.99%    passed     77.25%
  14  XM_012096129_4_PREDICTED_Ovis_aries_brain_derived_   44.32%    passed     54.68%
  15  XM_029555090_1_PREDICTED_Nannospalax_galili_brain_   39.05%    passed     84.20%
  16  XM_009007854_3_PREDICTED_Callithrix_jacchus_brain_   89.38%    failed      4.34%
  17  XM_031944159_1_PREDICTED_Sarcophilus_harrisii_brai   43.43%    passed     99.71%
  18  XM_020977976_1_PREDICTED_Phascolarctos_cinereus_br   38.98%    passed     23.81%
  19  XM_036763631_1_PREDICTED_Trichosurus_vulpecula_bra   45.21%    passed     37.52%
  20  XM_027852578_1_PREDICTED_Vombatus_ursinus_brain_de   45.21%    passed     31.18%
  21  XM_040980297_1_PREDICTED_Ochotona_curzoniae_brain_   43.21%    passed     34.84%
  22  XM_004585440_1_PREDICTED_Ochotona_princeps_brain_d   43.21%    passed     22.19%
  23  XM_013019592_1_PREDICTED_Dipodomys_ordii_brain_der   71.42%    failed      0.27%
  24  XM_020177315_1_PREDICTED_Castor_canadensis_brain_d   27.69%    passed     30.53%
  25  XM_021151236_2_PREDICTED_Mus_caroli_brain_derived_   29.03%    passed     32.62%
  26  XM_021192829_2_PREDICTED_Mus_pahari_brain_derived_   29.03%    passed     53.70%
  27  XM_004660846_2_PREDICTED_Jaculus_jaculus_brain_der   43.21%    passed     88.89%
  28  XM_032903861_1_PREDICTED_Rattus_rattus_brain_deriv   28.95%    passed     13.13%
  29  XM_031371313_1_PREDICTED_Mastomys_coucha_brain_der   76.99%    failed      0.06%
  30  XM_037204438_1_PREDICTED_Peromyscus_leucopus_brain   53.16%    passed     58.52%
  31  XM_013147262_2_PREDICTED_Cavia_porcellus_brain_der   41.43%    failed      0.73%
  32  XM_005401751_2_PREDICTED_Chinchilla_lanigera_brain   42.76%    failed      3.93%
  33  XM_004644113_2_PREDICTED_Octodon_degus_brain_deriv   42.76%    failed      4.90%
  34  XM_004851581_3_PREDICTED_Heterocephalus_glaber_bra   41.87%    failed      3.10%
  35  XM_033764060_1_PREDICTED_Fukomys_damarensis_brain_   45.81%    failed      0.00%
  36  XM_015476449_1_PREDICTED_Marmota_marmota_marmota_b   35.19%    passed     22.27%
  37  XM_040284582_1_PREDICTED_Ictidomys_tridecemlineatu   42.32%    passed     74.84%
  38  XM_026412272_1_PREDICTED_Urocitellus_parryii_brain   38.60%    passed     73.71%
  39  XM_027936596_1_PREDICTED_Marmota_flaviventris_brai   42.98%    passed     84.44%
  40  XM_015544869_1_PREDICTED_Panthera_tigris_altaica_b   44.99%    passed     88.56%
  41  XM_030333208_1_PREDICTED_Lynx_canadensis_brain_der   42.17%    passed     73.33%
  42  XM_026512203_1_PREDICTED_Ursus_arctos_horribilis_b   44.99%    passed     95.84%
  43  XM_004408653_1_PREDICTED_Odobenus_rosmarus_diverge   43.21%    passed     78.24%
  44  XM_039217098_1_PREDICTED_Hyaena_hyaena_brain_deriv   44.99%    passed     61.69%
  45  XM_029957152_1_PREDICTED_Suricata_suricatta_brain_   43.21%    passed     90.73%
  46  XM_041730708_1_PREDICTED_Vulpes_lagopus_brain_deri   44.99%    passed     89.27%
  47  XM_026018600_1_PREDICTED_Vulpes_vulpes_brain_deriv   43.21%    passed     89.81%
  48  XM_025879326_1_PREDICTED_Callorhinus_ursinus_brain   44.99%    passed     77.80%
  49  XM_028117708_1_PREDICTED_Eumetopias_jubatus_brain_   44.99%    passed     74.50%
  50  XM_027577807_1_PREDICTED_Zalophus_californianus_br   43.21%    passed     66.71%
  51  XM_021685880_1_PREDICTED_Neomonachus_schauinslandi   44.99%    passed     81.22%
  52  XM_036109493_1_PREDICTED_Halichoerus_grypus_brain_   43.21%    passed     72.18%
  53  XM_031025064_1_PREDICTED_Leptonychotes_weddellii_b   43.21%    passed     70.64%
  54  XM_035012477_1_PREDICTED_Mirounga_leonina_brain_de   44.99%    passed     94.08%
  55  XM_032414183_1_PREDICTED_Phoca_vitulina_brain_deri   40.01%    passed     40.37%
  56  XM_020903256_1_PREDICTED_Odocoileus_virginianus_te   42.54%    passed     41.11%
  57  XM_010831788_1_PREDICTED_Bison_bison_bison_brain_d   44.32%    passed     62.28%
  58  XM_005890667_2_PREDICTED_Bos_mutus_brain_derived_n   42.54%    passed     70.88%
  59  XM_019974522_1_PREDICTED_Bos_indicus_brain_derived   54.86%    passed     65.86%
  60  XM_006068006_2_PREDICTED_Bubalus_bubalis_brain_der   44.32%    passed     74.26%
  61  XM_040258919_1_PREDICTED_Oryx_dammah_brain_derived   44.32%    passed     49.48%
  62  XM_005690025_2_PREDICTED_Capra_hircus_brain_derive   42.54%    passed     68.36%
  63  XM_031681074_1_PREDICTED_Vicugna_pacos_brain_deriv   45.58%    passed     33.10%
  64  XM_006195083_3_PREDICTED_Camelus_ferus_brain_deriv   45.58%    passed     35.42%
  65  XM_010964743_1_PREDICTED_Camelus_bactrianus_brain_   43.21%    passed     42.60%
  66  XM_031459858_1_PREDICTED_Camelus_dromedarius_brain   27.02%    passed     65.11%
  67  XM_024764694_1_PREDICTED_Neophocaena_asiaeoriental   44.77%    passed     67.31%
  68  XM_007180991_1_PREDICTED_Balaenoptera_acutorostrat   42.98%    passed     79.83%
  69  XM_007461679_1_PREDICTED_Lipotes_vexillifer_brain_   42.98%    passed     88.23%
  70  XM_027115138_1_PREDICTED_Lagenorhynchus_obliquiden   42.98%    passed     75.09%
  71  XM_032641481_1_PREDICTED_Phocoena_sinus_brain_deri   46.33%    passed     52.10%
  72  XM_029207934_1_PREDICTED_Monodon_monoceros_brain_d   44.99%    passed     70.55%
  73  XM_022583733_1_PREDICTED_Delphinapterus_leucas_bra   32.22%    passed     90.36%
  74  XM_028501134_1_PREDICTED_Physeter_catodon_brain_de   47.59%    passed     64.96%
  75  XM_036862552_1_PREDICTED_Balaenoptera_musculus_bra   42.98%    passed     78.00%
  76  XM_016194241_1_PREDICTED_Erinaceus_europaeus_brain   45.21%    passed     50.41%
  77  XM_004682964_2_PREDICTED_Condylura_cristata_brain_   43.43%    passed     98.67%
  78  XM_037522538_1_PREDICTED_Talpa_occidentalis_brain_   43.43%    passed     95.64%
  79  XM_011362565_2_PREDICTED_Pteropus_vampyrus_brain_d   43.21%    passed     96.71%
  80  XM_039866065_1_PREDICTED_Pteropus_giganteus_brain_   46.84%    passed     92.11%
  81  XM_006907988_2_PREDICTED_Pteropus_alecto_brain_der   43.21%    passed     94.01%
  82  XM_033118944_1_PREDICTED_Rhinolophus_ferrumequinum   37.64%    passed     45.72%
  83  XM_037040421_1_PREDICTED_Sturnira_hondurensis_brai   44.99%    passed     90.27%
  84  XM_037146035_1_PREDICTED_Artibeus_jamaicensis_brai   44.99%    passed     95.10%
  85  XM_024558903_1_PREDICTED_Desmodus_rotundus_brain_d   43.21%    passed     77.07%
  86  XM_028517638_2_PREDICTED_Phyllostomus_discolor_bra   44.99%    passed     85.30%
  87  XM_016206154_1_PREDICTED_Miniopterus_natalensis_br   41.87%    failed      3.22%
  88  XM_019650718_1_PREDICTED_Hipposideros_armiger_brai   41.65%    passed     89.21%
  89  XM_036427676_1_PREDICTED_Pipistrellus_kuhlii_brain   30.51%    passed     44.15%
  90  XM_008148947_2_PREDICTED_Eptesicus_fuscus_brain_de   42.54%    passed     31.55%
  91  XM_014545223_1_PREDICTED_Myotis_brandtii_brain_der   35.12%    passed     92.74%
  92  XM_006753948_2_PREDICTED_Myotis_davidii_brain_deri   43.21%    passed     78.52%
  93  XM_036325692_1_PREDICTED_Myotis_myotis_brain_deriv   42.54%    passed     81.00%
  94  XM_023756374_1_PREDICTED_Myotis_lucifugus_brain_de   43.21%    passed     81.97%
  95  XM_036258707_1_PREDICTED_Molossus_molossus_brain_d   35.19%    passed     65.53%
  96  XM_014831462_1_PREDICTED_Equus_asinus_brain_derive   44.99%    passed     73.90%
  97  XM_036879079_1_PREDICTED_Manis_pentadactyla_brain_   43.21%    passed     93.34%
  98  XM_017667612_2_PREDICTED_Manis_javanica_brain_deri   43.21%    passed     88.55%
  99  XM_008584165_1_PREDICTED_Galeopterus_variegatus_br   34.82%    passed     90.08%
 100  XM_014591303_2_PREDICTED_Tupaia_chinensis_brain_de   44.99%    passed     93.78%
 101  XM_011936307_1_PREDICTED_Colobus_angolensis_pallia   32.29%    passed     95.19%
 102  XM_008003703_2_PREDICTED_Chlorocebus_sabaeus_brain   32.29%    passed     94.21%
 103  XM_012031697_1_PREDICTED_Cercocebus_atys_brain_der   32.29%    passed     91.14%
 104  XM_017948537_3_PREDICTED_Papio_anubis_brain_derive   32.29%    passed     94.31%
 105  XM_011964715_1_PREDICTED_Mandrillus_leucophaeus_br   32.29%    passed     92.09%
 106  XM_033205475_1_PREDICTED_Trachypithecus_francoisi_   32.29%    passed     90.78%
 107  XM_017858805_1_PREDICTED_Rhinopithecus_bieti_brain   32.29%    passed     93.41%
 108  XM_010374529_2_PREDICTED_Rhinopithecus_roxellana_b   32.29%    passed     94.48%
 109  XM_023230347_2_PREDICTED_Piliocolobus_tephrosceles   45.58%    passed     46.49%
 110  XM_004050851_2_PREDICTED_Gorilla_gorilla_gorilla_b   45.58%    passed     50.75%
 111  XM_034932318_1_PREDICTED_Pan_paniscus_brain_derive   40.68%    passed     36.29%
 112  XM_002821931_2_PREDICTED_Pongo_abelii_brain_derive   32.29%    passed     93.53%
 113  XM_003254347_2_PREDICTED_Nomascus_leucogenys_brain   32.29%    passed     94.16%
 114  XM_032166370_1_PREDICTED_Hylobates_moloch_brain_de   32.29%    passed     92.51%
 115  XM_003919940_3_PREDICTED_Saimiri_boliviensis_boliv   42.98%    passed     61.51%
 116  XM_032283691_1_PREDICTED_Sapajus_apella_brain_deri   32.07%    passed     93.72%
 117  XM_017538722_1_PREDICTED_Cebus_imitator_brain_deri   32.07%    passed     91.71%
 118  XM_012452238_1_PREDICTED_Aotus_nancymaae_brain_der   37.64%    passed     88.33%
 119  XM_008050727_1_PREDICTED_Carlito_syrichta_brain_de   44.99%    passed     99.47%
 120  XM_012649556_1_PREDICTED_Propithecus_coquereli_bra   26.95%    passed     22.99%
 121  XM_020286534_1_PREDICTED_Microcebus_murinus_brain_   46.84%    passed     75.67%
 122  XM_012814047_1_PREDICTED_Otolemur_garnettii_brain_   26.73%    passed      9.85%
 123  XM_007951952_1_PREDICTED_Orycteropus_afer_afer_bra   43.21%    passed     41.66%
 124  XM_006883713_1_PREDICTED_Elephantulus_edwardii_bra   43.21%    passed     51.15%
 125  XM_004708253_2_PREDICTED_Echinops_telfairi_brain_d   42.98%    passed     96.07%
 126  XM_006864851_1_PREDICTED_Chrysochloris_asiatica_br   43.21%    passed     20.94%
 127  XM_037839114_1_PREDICTED_Choloepus_didactylus_brai   19.82%    passed      7.13%
 128  XM_012523604_2_PREDICTED_Dasypus_novemcinctus_brai   44.99%    passed     65.09%
 129  XM_029059317_2_PREDICTED_Ornithorhynchus_anatinus_   43.43%    passed     96.78%
 130  XM_038764545_1_PREDICTED_Tachyglossus_aculeatus_br   43.43%    passed     87.23%
 131  XM_004418542_2_PREDICTED_Ceratotherium_simum_simum   43.21%    passed     93.44%
 132  XM_004369733_1_PREDICTED_Trichechus_manatus_latiro   43.21%    passed     33.76%
WARNING: 5 sequences contain more than 50% gaps/ambiguity
****  TOTAL                                                41.62%  9 sequences failed composition chi2 test (p-value<5%; df=3)


Create initial parsimony tree by phylogenetic likelihood library (PLL)... 0.050 seconds
Measuring multi-threading efficiency up to 16 CPU cores
Increase to 10 rounds for branch lengths
49 trees examined
Threads: 1 / Time: 16.076 sec / Speedup: 1.000 / Efficiency: 100% / LogL: -23533
Threads: 2 / Time: 9.798 sec / Speedup: 1.641 / Efficiency: 82% / LogL: -23533
Threads: 3 / Time: 7.084 sec / Speedup: 2.269 / Efficiency: 76% / LogL: -23533
Threads: 4 / Time: 8.281 sec / Speedup: 1.941 / Efficiency: 49% / LogL: -23533
BEST NUMBER OF THREADS: 3

Perform fast likelihood tree search using GTR+I+G model...
Estimate model parameters (epsilon = 5.000)
Perform nearest neighbor interchange...
Estimate model parameters (epsilon = 1.000)
1. Initial log-likelihood: -13323.794
2. Current log-likelihood: -13322.298
3. Current log-likelihood: -13321.166
Optimal log-likelihood: -13320.269
Rate parameters:  A-C: 1.19645  A-G: 2.72783  A-T: 0.47297  C-G: 0.99132  C-T: 4.32985  G-T: 1.00000
Base frequencies:  A: 0.260  C: 0.246  G: 0.290  T: 0.203
Proportion of invariable sites: 0.342
Gamma shape alpha: 0.611
Parameters optimization took 3 rounds (0.384 sec)
Time for fast ML tree search: 1.993 seconds

NOTE: ModelFinder requires 30 MB RAM!
ModelFinder will test up to 286 DNA models (sample size: 1347) ...
 No. Model         -LnL         df  AIC          AICc         BIC
  1  GTR+F         15225.767    269 30989.533    31124.408    32389.849
  2  GTR+F+I       13904.831    270 28349.661    28485.665    29755.183
  3  GTR+F+G4      13368.290    270 27276.580    27412.584    28682.101
  4  GTR+F+I+G4    13319.054    271 27180.107    27317.246    28590.834
  5  GTR+F+R2      13668.511    271 27879.023    28016.161    29289.750
  6  GTR+F+R3      13477.803    273 27501.606    27641.032    28922.744
  7  GTR+F+R4      13402.264    275 27354.529    27496.265    28786.078
  8  GTR+F+R5      13369.892    277 27293.784    27437.855    28735.745
  9  GTR+F+R6      13342.150    279 27242.299    27388.728    28694.671
 10  GTR+F+R7      13328.354    281 27218.709    27367.520    28681.492
 11  GTR+F+R8      13322.578    283 27211.155    27362.372    28684.350
 17  SYM+I+G4      13343.291    268 27222.583    27356.334    28617.693
 30  TVM+F+I+G4    13337.152    270 27214.304    27350.308    28619.826
 43  TVMe+I+G4     13345.261    267 27224.522    27357.156    28614.426
 56  TIM3+F+I+G4   13332.009    269 27202.018    27336.893    28602.334
 69  TIM3e+I+G4    13358.146    266 27248.291    27379.813    28632.990
 82  TIM2+F+I+G4   13338.762    269 27215.523    27350.398    28615.839
 95  TIM2e+I+G4    13373.090    266 27278.179    27409.701    28662.878
108  TIM+F+I+G4    13332.207    269 27202.415    27337.290    28602.731
121  TIMe+I+G4     13370.090    266 27272.180    27403.702    28656.879
134  TPM3u+F+I+G4  13349.676    268 27235.352    27369.104    28630.462
147  TPM3+F+I+G4   13349.676    268 27235.352    27369.104    28630.462
160  TPM2u+F+I+G4  13357.613    268 27251.226    27384.978    28646.336
173  TPM2+F+I+G4   13357.613    268 27251.226    27384.978    28646.336
186  K3Pu+F+I+G4   13350.803    268 27237.605    27371.357    28632.715
199  K3P+I+G4      13372.076    265 27274.153    27404.569    28653.646
212  TN+F+I+G4     13340.639    268 27217.279    27351.030    28612.389
225  TNe+I+G4      13377.643    265 27285.287    27415.703    28664.780
238  HKY+F+I+G4    13359.117    267 27252.235    27384.868    28642.139
251  K2P+I+G4      13379.569    264 27287.138    27416.454    28661.425
264  F81+F+I+G4    13762.377    266 28056.754    28188.277    29441.453
277  JC+I+G4       13781.890    263 28089.780    28218.001    29458.862
Akaike Information Criterion:           GTR+F+I+G4
Corrected Akaike Information Criterion: GTR+F+I+G4
Bayesian Information Criterion:         GTR+F+I+G4
Best-fit model: GTR+F+I+G4 chosen according to BIC

All model information printed to results/BDNF/Recombinants/BDNF_codons_RDP_recombinationFree.fas.model.gz
CPU time for ModelFinder: 193.318 seconds (0h:3m:13s)
Wall-clock time for ModelFinder: 78.060 seconds (0h:1m:18s)

NOTE: 12 MB RAM (0 GB) is required!
Estimate model parameters (epsilon = 0.100)
Thoroughly optimizing +I+G parameters from 10 start values...
Init pinv, alpha: 0.000, 0.678 / Estimate: 0.000, 0.290 / LogL: -13368.292
Init pinv, alpha: 0.061, 0.678 / Estimate: 0.370, 0.680 / LogL: -13319.024
Init pinv, alpha: 0.123, 0.678 / Estimate: 0.370, 0.680 / LogL: -13319.022
Init pinv, alpha: 0.184, 0.678 / Estimate: 0.371, 0.682 / LogL: -13319.009
Init pinv, alpha: 0.246, 0.678 / Estimate: 0.371, 0.682 / LogL: -13319.015
Init pinv, alpha: 0.307, 0.678 / Estimate: 0.369, 0.678 / LogL: -13319.047
Init pinv, alpha: 0.369, 0.678 / Estimate: 0.371, 0.683 / LogL: -13319.011
Init pinv, alpha: 0.430, 0.678 / Estimate: 0.382, 0.714 / LogL: -13318.996
Init pinv, alpha: 0.492, 0.678 / Estimate: 0.383, 0.715 / LogL: -13319.002
Init pinv, alpha: 0.553, 0.678 / Estimate: 0.384, 0.718 / LogL: -13319.020
Optimal pinv,alpha: 0.382, 0.714 / LogL: -13318.996

Parameters optimization took 12.820 sec
Computing ML distances based on estimated model parameters...
Computing ML distances took 0.160375 sec (of wall-clock time) 0.412105 sec(of CPU time)
WARNING: Some pairwise ML distances are too long (saturated)
Computing RapidNJ tree took 0.235157 sec (of wall-clock time) 0.112608 sec (of CPU time)
Log-likelihood of RapidNJ tree: -13551.538
--------------------------------------------------------------------
|             INITIALIZING CANDIDATE TREE SET                      |
--------------------------------------------------------------------
Generating 98 parsimony trees... 4.464 second
Computing log-likelihood of 98 initial trees ... 2.169 seconds
Current best score: -13318.996

Do NNI search on 20 best initial trees
Estimate model parameters (epsilon = 0.100)
BETTER TREE FOUND at iteration 1: -13318.088
Estimate model parameters (epsilon = 0.100)
BETTER TREE FOUND at iteration 2: -13297.885
Iteration 10 / LogL: -13329.533 / Time: 0h:0m:27s
Estimate model parameters (epsilon = 0.100)
BETTER TREE FOUND at iteration 12: -13289.952
Iteration 20 / LogL: -13303.731 / Time: 0h:0m:36s
Finish initializing candidate tree set (20)
Current best tree score: -13289.952 / CPU time: 22.921
Number of iterations: 20
--------------------------------------------------------------------
|               OPTIMIZING CANDIDATE TREE SET                      |
--------------------------------------------------------------------
Estimate model parameters (epsilon = 0.100)
BETTER TREE FOUND at iteration 22: -13288.646
Estimate model parameters (epsilon = 0.100)
BETTER TREE FOUND at iteration 28: -13287.558
Iteration 30 / LogL: -13290.549 / Time: 0h:0m:44s (0h:2m:31s left)
Estimate model parameters (epsilon = 0.100)
BETTER TREE FOUND at iteration 38: -13287.386
Iteration 40 / LogL: -13288.754 / Time: 0h:0m:52s (0h:2m:12s left)
Estimate model parameters (epsilon = 0.100)
BETTER TREE FOUND at iteration 43: -13286.100
Estimate model parameters (epsilon = 0.100)
BETTER TREE FOUND at iteration 46: -13285.670
Estimate model parameters (epsilon = 0.100)
BETTER TREE FOUND at iteration 50: -13282.814
Iteration 50 / LogL: -13282.814 / Time: 0h:1m:1s (0h:2m:5s left)
Estimate model parameters (epsilon = 0.100)
BETTER TREE FOUND at iteration 55: -13281.382
Iteration 60 / LogL: -13282.753 / Time: 0h:1m:8s (0h:1m:50s left)
Estimate model parameters (epsilon = 0.100)
BETTER TREE FOUND at iteration 64: -13278.719
Estimate model parameters (epsilon = 0.100)
BETTER TREE FOUND at iteration 66: -13278.686
Iteration 70 / LogL: -13289.062 / Time: 0h:1m:16s (0h:1m:45s left)
Iteration 80 / LogL: -13284.523 / Time: 0h:1m:23s (0h:1m:31s left)
Iteration 90 / LogL: -13283.130 / Time: 0h:1m:31s (0h:1m:17s left)
Iteration 100 / LogL: -13278.700 / Time: 0h:1m:38s (0h:1m:5s left)
Estimate model parameters (epsilon = 0.100)
BETTER TREE FOUND at iteration 108: -13277.971
Iteration 110 / LogL: -13280.224 / Time: 0h:1m:46s (0h:1m:35s left)
Iteration 120 / LogL: -13294.241 / Time: 0h:1m:53s (0h:1m:24s left)
Estimate model parameters (epsilon = 0.100)
BETTER TREE FOUND at iteration 127: -13277.833
Iteration 130 / LogL: -13278.055 / Time: 0h:2m:1s (0h:1m:31s left)
Iteration 140 / LogL: -13287.384 / Time: 0h:2m:9s (0h:1m:21s left)
Iteration 150 / LogL: -13278.274 / Time: 0h:2m:17s (0h:1m:10s left)
Iteration 160 / LogL: -13324.658 / Time: 0h:2m:25s (0h:1m:1s left)
Iteration 170 / LogL: -13281.607 / Time: 0h:2m:33s (0h:0m:51s left)
Iteration 180 / LogL: -13288.130 / Time: 0h:2m:40s (0h:0m:42s left)
Iteration 190 / LogL: -13299.705 / Time: 0h:2m:48s (0h:0m:32s left)
Iteration 200 / LogL: -13285.807 / Time: 0h:2m:56s (0h:0m:23s left)
Iteration 210 / LogL: -13277.975 / Time: 0h:3m:2s (0h:0m:14s left)
Iteration 220 / LogL: -13282.976 / Time: 0h:3m:10s (0h:0m:6s left)
TREE SEARCH COMPLETED AFTER 228 ITERATIONS / Time: 0h:3m:16s

--------------------------------------------------------------------
|                    FINALIZING TREE SEARCH                        |
--------------------------------------------------------------------
Performs final model parameters optimization
Estimate model parameters (epsilon = 0.010)
1. Initial log-likelihood: -13277.833
Optimal log-likelihood: -13277.826
Rate parameters:  A-C: 1.18643  A-G: 2.66902  A-T: 0.45318  C-G: 0.94160  C-T: 4.16198  G-T: 1.00000
Base frequencies:  A: 0.260  C: 0.246  G: 0.290  T: 0.203
Proportion of invariable sites: 0.380
Gamma shape alpha: 0.706
Parameters optimization took 1 rounds (0.086 sec)
BEST SCORE FOUND : -13277.826
Total tree length: 7.806

Total number of iterations: 228
CPU time used for tree search: 528.000 sec (0h:8m:47s)
Wall-clock time used for tree search: 182.863 sec (0h:3m:2s)
Total CPU time used: 567.766 sec (0h:9m:27s)
Total wall-clock time used: 196.424 sec (0h:3m:16s)

Analysis results written to: 
  IQ-TREE report:                results/BDNF/Recombinants/BDNF_codons_RDP_recombinationFree.fas.iqtree
  Maximum-likelihood tree:       results/BDNF/Recombinants/BDNF_codons_RDP_recombinationFree.fas.treefile
  Likelihood distances:          results/BDNF/Recombinants/BDNF_codons_RDP_recombinationFree.fas.mldist
  Screen log file:               results/BDNF/Recombinants/BDNF_codons_RDP_recombinationFree.fas.log

Date and Time: Thu Aug 19 15:21:36 2021
